DEBUG - 2026-04-06 05:04:12 --> Session: Class initialized using 'CodeIgniter\Session\Handlers\FileHandler' driver.
DEBUG - 2026-04-06 05:04:21 --> Session: Class initialized using 'CodeIgniter\Session\Handlers\FileHandler' driver.
DEBUG - 2026-04-06 05:04:23 --> Session: Class initialized using 'CodeIgniter\Session\Handlers\FileHandler' driver.
DEBUG - 2026-04-06 05:04:25 --> Session: Class initialized using 'CodeIgniter\Session\Handlers\FileHandler' driver.
DEBUG - 2026-04-06 05:04:26 --> Session: Class initialized using 'CodeIgniter\Session\Handlers\FileHandler' driver.
DEBUG - 2026-04-06 05:04:34 --> Session: Class initialized using 'CodeIgniter\Session\Handlers\FileHandler' driver.
DEBUG - 2026-04-06 05:04:38 --> Session: Class initialized using 'CodeIgniter\Session\Handlers\FileHandler' driver.
DEBUG - 2026-04-06 05:04:43 --> Session: Class initialized using 'CodeIgniter\Session\Handlers\FileHandler' driver.
DEBUG - 2026-04-06 05:04:45 --> Session: Class initialized using 'CodeIgniter\Session\Handlers\FileHandler' driver.
DEBUG - 2026-04-06 05:04:50 --> Session: Class initialized using 'CodeIgniter\Session\Handlers\FileHandler' driver.
DEBUG - 2026-04-06 05:04:51 --> Session: Class initialized using 'CodeIgniter\Session\Handlers\FileHandler' driver.
DEBUG - 2026-04-06 05:05:21 --> Session: Class initialized using 'CodeIgniter\Session\Handlers\FileHandler' driver.
DEBUG - 2026-04-06 05:05:50 --> Session: Class initialized using 'CodeIgniter\Session\Handlers\FileHandler' driver.
DEBUG - 2026-04-06 05:06:20 --> Session: Class initialized using 'CodeIgniter\Session\Handlers\FileHandler' driver.
DEBUG - 2026-04-06 05:06:50 --> Session: Class initialized using 'CodeIgniter\Session\Handlers\FileHandler' driver.
DEBUG - 2026-04-06 05:07:20 --> Session: Class initialized using 'CodeIgniter\Session\Handlers\FileHandler' driver.
DEBUG - 2026-04-06 05:07:50 --> Session: Class initialized using 'CodeIgniter\Session\Handlers\FileHandler' driver.
DEBUG - 2026-04-06 05:08:20 --> Session: Class initialized using 'CodeIgniter\Session\Handlers\FileHandler' driver.
DEBUG - 2026-04-06 05:08:23 --> Session: Class initialized using 'CodeIgniter\Session\Handlers\FileHandler' driver.
ERROR - 2026-04-06 05:08:23 --> Unknown column 'payment_status' in 'field list'
in SYSTEMPATH\Database\MySQLi\Connection.php on line 300.
 1 SYSTEMPATH\Database\MySQLi\Connection.php(300): mysqli->query('INSERT INTO `production_jobs` (`job_reference`, `job_name`, `customer_id`, `production_date`, `production_category_id`, `quantity_produced`, `currency`, `total_material_cost`, `notes`, `status`, `payment_status`, `amount_paid`, `created_by`, `created_at`, `updated_at`) VALUES (\'JOB-202604-0004\', \'hty\', \'1\', \'2026-04-06\', NULL, 2, \'LRD\', 0, \'\', \'Draft\', \'Partially Paid\', 200, \'1\', \'2026-04-06 05:08:23\', \'2026-04-06 05:08:23\')', 0)
 2 SYSTEMPATH\Database\BaseConnection.php(769): CodeIgniter\Database\MySQLi\Connection->execute('INSERT INTO `production_jobs` (`job_reference`, `job_name`, `customer_id`, `production_date`, `production_category_id`, `quantity_produced`, `currency`, `total_material_cost`, `notes`, `status`, `payment_status`, `amount_paid`, `created_by`, `created_at`, `updated_at`) VALUES (\'JOB-202604-0004\', \'hty\', \'1\', \'2026-04-06\', NULL, 2, \'LRD\', 0, \'\', \'Draft\', \'Partially Paid\', 200, \'1\', \'2026-04-06 05:08:23\', \'2026-04-06 05:08:23\')')
 3 SYSTEMPATH\Database\BaseConnection.php(686): CodeIgniter\Database\BaseConnection->simpleQuery('INSERT INTO `production_jobs` (`job_reference`, `job_name`, `customer_id`, `production_date`, `production_category_id`, `quantity_produced`, `currency`, `total_material_cost`, `notes`, `status`, `payment_status`, `amount_paid`, `created_by`, `created_at`, `updated_at`) VALUES (\'JOB-202604-0004\', \'hty\', \'1\', \'2026-04-06\', NULL, 2, \'LRD\', 0, \'\', \'Draft\', \'Partially Paid\', 200, \'1\', \'2026-04-06 05:08:23\', \'2026-04-06 05:08:23\')')
 4 SYSTEMPATH\Database\BaseBuilder.php(2345): CodeIgniter\Database\BaseConnection->query('INSERT INTO `production_jobs` (`job_reference`, `job_name`, `customer_id`, `production_date`, `production_category_id`, `quantity_produced`, `currency`, `total_material_cost`, `notes`, `status`, `payment_status`, `amount_paid`, `created_by`, `created_at`, `updated_at`) VALUES (:job_reference:, :job_name:, :customer_id:, :production_date:, :production_category_id:, :quantity_produced:, :currency:, :total_material_cost:, :notes:, :status:, :payment_status:, :amount_paid:, :created_by:, :created_at:, :updated_at:)', [...], false)
 5 SYSTEMPATH\Model.php(356): CodeIgniter\Database\BaseBuilder->insert()
 6 SYSTEMPATH\BaseModel.php(898): CodeIgniter\Model->doInsert([...])
 7 SYSTEMPATH\Model.php(665): CodeIgniter\BaseModel->insert([...], true)
 8 APPPATH\Controllers\Production.php(203): CodeIgniter\Model->insert([...])
 9 SYSTEMPATH\CodeIgniter.php(951): App\Controllers\Production->store()
10 SYSTEMPATH\CodeIgniter.php(497): CodeIgniter\CodeIgniter->runController(Object(App\Controllers\Production))
11 SYSTEMPATH\CodeIgniter.php(340): CodeIgniter\CodeIgniter->handleRequest(null, Object(Config\Cache), false)
12 SYSTEMPATH\Boot.php(417): CodeIgniter\CodeIgniter->run()
13 SYSTEMPATH\Boot.php(68): CodeIgniter\Boot::runCodeIgniter(Object(CodeIgniter\CodeIgniter))
14 FCPATH\index.php(59): CodeIgniter\Boot::bootWeb(Object(Config\Paths))
15 SYSTEMPATH\rewrite.php(44): require_once('C:\\Users\\weedkeystroke\\Desktop\\envtry\\public\\index.php')
ERROR - 2026-04-06 05:08:23 --> Cannot add or update a child row: a foreign key constraint fails (`diara`.`production_materials`, CONSTRAINT `production_materials_production_job_id_foreign` FOREIGN KEY (`production_job_id`) REFERENCES `production_jobs` (`id`) ON DELETE CASCADE ON UPDATE CA)
in SYSTEMPATH\Database\MySQLi\Connection.php on line 300.
 1 SYSTEMPATH\Database\MySQLi\Connection.php(300): mysqli->query('INSERT INTO `production_materials` (`production_job_id`, `product_id`, `unit_cost`, `total_cost`, `created_at`, `updated_at`) VALUES (0, 9, 7, 7, \'2026-04-06 05:08:23\', \'2026-04-06 05:08:23\')', 0)
 2 SYSTEMPATH\Database\BaseConnection.php(769): CodeIgniter\Database\MySQLi\Connection->execute('INSERT INTO `production_materials` (`production_job_id`, `product_id`, `unit_cost`, `total_cost`, `created_at`, `updated_at`) VALUES (0, 9, 7, 7, \'2026-04-06 05:08:23\', \'2026-04-06 05:08:23\')')
 3 SYSTEMPATH\Database\BaseConnection.php(686): CodeIgniter\Database\BaseConnection->simpleQuery('INSERT INTO `production_materials` (`production_job_id`, `product_id`, `unit_cost`, `total_cost`, `created_at`, `updated_at`) VALUES (0, 9, 7, 7, \'2026-04-06 05:08:23\', \'2026-04-06 05:08:23\')')
 4 SYSTEMPATH\Database\BaseBuilder.php(2345): CodeIgniter\Database\BaseConnection->query('INSERT INTO `production_materials` (`production_job_id`, `product_id`, `unit_cost`, `total_cost`, `created_at`, `updated_at`) VALUES (:production_job_id:, :product_id:, :unit_cost:, :total_cost:, :created_at:, :updated_at:)', [...], false)
 5 SYSTEMPATH\Model.php(356): CodeIgniter\Database\BaseBuilder->insert()
 6 SYSTEMPATH\BaseModel.php(898): CodeIgniter\Model->doInsert([...])
 7 SYSTEMPATH\Model.php(665): CodeIgniter\BaseModel->insert([...], true)
 8 APPPATH\Controllers\Production.php(210): CodeIgniter\Model->insert([...])
 9 SYSTEMPATH\CodeIgniter.php(951): App\Controllers\Production->store()
10 SYSTEMPATH\CodeIgniter.php(497): CodeIgniter\CodeIgniter->runController(Object(App\Controllers\Production))
11 SYSTEMPATH\CodeIgniter.php(340): CodeIgniter\CodeIgniter->handleRequest(null, Object(Config\Cache), false)
12 SYSTEMPATH\Boot.php(417): CodeIgniter\CodeIgniter->run()
13 SYSTEMPATH\Boot.php(68): CodeIgniter\Boot::runCodeIgniter(Object(CodeIgniter\CodeIgniter))
14 FCPATH\index.php(59): CodeIgniter\Boot::bootWeb(Object(Config\Paths))
15 SYSTEMPATH\rewrite.php(44): require_once('C:\\Users\\weedkeystroke\\Desktop\\envtry\\public\\index.php')
ERROR - 2026-04-06 05:08:23 --> [Production Store] Invalid primary key: boolean false is not allowed.
DEBUG - 2026-04-06 05:10:49 --> Session: Class initialized using 'CodeIgniter\Session\Handlers\FileHandler' driver.
DEBUG - 2026-04-06 05:10:54 --> Session: Class initialized using 'CodeIgniter\Session\Handlers\FileHandler' driver.
ERROR - 2026-04-06 05:10:54 --> Unknown column 'payment_status' in 'field list'
in SYSTEMPATH\Database\MySQLi\Connection.php on line 300.
 1 SYSTEMPATH\Database\MySQLi\Connection.php(300): mysqli->query('INSERT INTO `production_jobs` (`job_reference`, `job_name`, `customer_id`, `production_date`, `production_category_id`, `quantity_produced`, `currency`, `total_material_cost`, `notes`, `status`, `payment_status`, `amount_paid`, `created_by`, `created_at`, `updated_at`) VALUES (\'JOB-202604-0004\', \'hty\', \'1\', \'2026-04-06\', NULL, 2, \'LRD\', 0, \'\', \'Draft\', \'Partially Paid\', 200, \'1\', \'2026-04-06 05:10:54\', \'2026-04-06 05:10:54\')', 0)
 2 SYSTEMPATH\Database\BaseConnection.php(769): CodeIgniter\Database\MySQLi\Connection->execute('INSERT INTO `production_jobs` (`job_reference`, `job_name`, `customer_id`, `production_date`, `production_category_id`, `quantity_produced`, `currency`, `total_material_cost`, `notes`, `status`, `payment_status`, `amount_paid`, `created_by`, `created_at`, `updated_at`) VALUES (\'JOB-202604-0004\', \'hty\', \'1\', \'2026-04-06\', NULL, 2, \'LRD\', 0, \'\', \'Draft\', \'Partially Paid\', 200, \'1\', \'2026-04-06 05:10:54\', \'2026-04-06 05:10:54\')')
 3 SYSTEMPATH\Database\BaseConnection.php(686): CodeIgniter\Database\BaseConnection->simpleQuery('INSERT INTO `production_jobs` (`job_reference`, `job_name`, `customer_id`, `production_date`, `production_category_id`, `quantity_produced`, `currency`, `total_material_cost`, `notes`, `status`, `payment_status`, `amount_paid`, `created_by`, `created_at`, `updated_at`) VALUES (\'JOB-202604-0004\', \'hty\', \'1\', \'2026-04-06\', NULL, 2, \'LRD\', 0, \'\', \'Draft\', \'Partially Paid\', 200, \'1\', \'2026-04-06 05:10:54\', \'2026-04-06 05:10:54\')')
 4 SYSTEMPATH\Database\BaseBuilder.php(2345): CodeIgniter\Database\BaseConnection->query('INSERT INTO `production_jobs` (`job_reference`, `job_name`, `customer_id`, `production_date`, `production_category_id`, `quantity_produced`, `currency`, `total_material_cost`, `notes`, `status`, `payment_status`, `amount_paid`, `created_by`, `created_at`, `updated_at`) VALUES (:job_reference:, :job_name:, :customer_id:, :production_date:, :production_category_id:, :quantity_produced:, :currency:, :total_material_cost:, :notes:, :status:, :payment_status:, :amount_paid:, :created_by:, :created_at:, :updated_at:)', [...], false)
 5 SYSTEMPATH\Model.php(356): CodeIgniter\Database\BaseBuilder->insert()
 6 SYSTEMPATH\BaseModel.php(898): CodeIgniter\Model->doInsert([...])
 7 SYSTEMPATH\Model.php(665): CodeIgniter\BaseModel->insert([...], true)
 8 APPPATH\Controllers\Production.php(203): CodeIgniter\Model->insert([...])
 9 SYSTEMPATH\CodeIgniter.php(951): App\Controllers\Production->store()
10 SYSTEMPATH\CodeIgniter.php(497): CodeIgniter\CodeIgniter->runController(Object(App\Controllers\Production))
11 SYSTEMPATH\CodeIgniter.php(340): CodeIgniter\CodeIgniter->handleRequest(null, Object(Config\Cache), false)
12 SYSTEMPATH\Boot.php(417): CodeIgniter\CodeIgniter->run()
13 SYSTEMPATH\Boot.php(68): CodeIgniter\Boot::runCodeIgniter(Object(CodeIgniter\CodeIgniter))
14 FCPATH\index.php(59): CodeIgniter\Boot::bootWeb(Object(Config\Paths))
15 SYSTEMPATH\rewrite.php(44): require_once('C:\\Users\\weedkeystroke\\Desktop\\envtry\\public\\index.php')
ERROR - 2026-04-06 05:10:54 --> Cannot add or update a child row: a foreign key constraint fails (`diara`.`production_materials`, CONSTRAINT `production_materials_production_job_id_foreign` FOREIGN KEY (`production_job_id`) REFERENCES `production_jobs` (`id`) ON DELETE CASCADE ON UPDATE CA)
in SYSTEMPATH\Database\MySQLi\Connection.php on line 300.
 1 SYSTEMPATH\Database\MySQLi\Connection.php(300): mysqli->query('INSERT INTO `production_materials` (`production_job_id`, `product_id`, `unit_cost`, `total_cost`, `created_at`, `updated_at`) VALUES (0, 9, 7, 7, \'2026-04-06 05:10:54\', \'2026-04-06 05:10:54\')', 0)
 2 SYSTEMPATH\Database\BaseConnection.php(769): CodeIgniter\Database\MySQLi\Connection->execute('INSERT INTO `production_materials` (`production_job_id`, `product_id`, `unit_cost`, `total_cost`, `created_at`, `updated_at`) VALUES (0, 9, 7, 7, \'2026-04-06 05:10:54\', \'2026-04-06 05:10:54\')')
 3 SYSTEMPATH\Database\BaseConnection.php(686): CodeIgniter\Database\BaseConnection->simpleQuery('INSERT INTO `production_materials` (`production_job_id`, `product_id`, `unit_cost`, `total_cost`, `created_at`, `updated_at`) VALUES (0, 9, 7, 7, \'2026-04-06 05:10:54\', \'2026-04-06 05:10:54\')')
 4 SYSTEMPATH\Database\BaseBuilder.php(2345): CodeIgniter\Database\BaseConnection->query('INSERT INTO `production_materials` (`production_job_id`, `product_id`, `unit_cost`, `total_cost`, `created_at`, `updated_at`) VALUES (:production_job_id:, :product_id:, :unit_cost:, :total_cost:, :created_at:, :updated_at:)', [...], false)
 5 SYSTEMPATH\Model.php(356): CodeIgniter\Database\BaseBuilder->insert()
 6 SYSTEMPATH\BaseModel.php(898): CodeIgniter\Model->doInsert([...])
 7 SYSTEMPATH\Model.php(665): CodeIgniter\BaseModel->insert([...], true)
 8 APPPATH\Controllers\Production.php(210): CodeIgniter\Model->insert([...])
 9 SYSTEMPATH\CodeIgniter.php(951): App\Controllers\Production->store()
10 SYSTEMPATH\CodeIgniter.php(497): CodeIgniter\CodeIgniter->runController(Object(App\Controllers\Production))
11 SYSTEMPATH\CodeIgniter.php(340): CodeIgniter\CodeIgniter->handleRequest(null, Object(Config\Cache), false)
12 SYSTEMPATH\Boot.php(417): CodeIgniter\CodeIgniter->run()
13 SYSTEMPATH\Boot.php(68): CodeIgniter\Boot::runCodeIgniter(Object(CodeIgniter\CodeIgniter))
14 FCPATH\index.php(59): CodeIgniter\Boot::bootWeb(Object(Config\Paths))
15 SYSTEMPATH\rewrite.php(44): require_once('C:\\Users\\weedkeystroke\\Desktop\\envtry\\public\\index.php')
ERROR - 2026-04-06 05:10:54 --> [Production Store] Invalid primary key: boolean false is not allowed.
DEBUG - 2026-04-06 05:11:00 --> Session: Class initialized using 'CodeIgniter\Session\Handlers\FileHandler' driver.
DEBUG - 2026-04-06 05:11:01 --> Session: Class initialized using 'CodeIgniter\Session\Handlers\FileHandler' driver.
DEBUG - 2026-04-06 05:11:30 --> Session: Class initialized using 'CodeIgniter\Session\Handlers\FileHandler' driver.
DEBUG - 2026-04-06 05:11:50 --> Session: Class initialized using 'CodeIgniter\Session\Handlers\FileHandler' driver.
ERROR - 2026-04-06 05:11:50 --> Unknown column 'payment_status' in 'field list'
in SYSTEMPATH\Database\MySQLi\Connection.php on line 300.
 1 SYSTEMPATH\Database\MySQLi\Connection.php(300): mysqli->query('INSERT INTO `production_jobs` (`job_reference`, `job_name`, `customer_id`, `production_date`, `production_category_id`, `quantity_produced`, `currency`, `total_material_cost`, `notes`, `status`, `payment_status`, `amount_paid`, `created_by`, `created_at`, `updated_at`) VALUES (\'JOB-202604-0004\', \'jennie contract fve\', \'1\', \'2026-04-06\', NULL, 1, \'LRD\', 0, \'\', \'Draft\', \'Partially Paid\', 10, \'1\', \'2026-04-06 05:11:50\', \'2026-04-06 05:11:50\')', 0)
 2 SYSTEMPATH\Database\BaseConnection.php(769): CodeIgniter\Database\MySQLi\Connection->execute('INSERT INTO `production_jobs` (`job_reference`, `job_name`, `customer_id`, `production_date`, `production_category_id`, `quantity_produced`, `currency`, `total_material_cost`, `notes`, `status`, `payment_status`, `amount_paid`, `created_by`, `created_at`, `updated_at`) VALUES (\'JOB-202604-0004\', \'jennie contract fve\', \'1\', \'2026-04-06\', NULL, 1, \'LRD\', 0, \'\', \'Draft\', \'Partially Paid\', 10, \'1\', \'2026-04-06 05:11:50\', \'2026-04-06 05:11:50\')')
 3 SYSTEMPATH\Database\BaseConnection.php(686): CodeIgniter\Database\BaseConnection->simpleQuery('INSERT INTO `production_jobs` (`job_reference`, `job_name`, `customer_id`, `production_date`, `production_category_id`, `quantity_produced`, `currency`, `total_material_cost`, `notes`, `status`, `payment_status`, `amount_paid`, `created_by`, `created_at`, `updated_at`) VALUES (\'JOB-202604-0004\', \'jennie contract fve\', \'1\', \'2026-04-06\', NULL, 1, \'LRD\', 0, \'\', \'Draft\', \'Partially Paid\', 10, \'1\', \'2026-04-06 05:11:50\', \'2026-04-06 05:11:50\')')
 4 SYSTEMPATH\Database\BaseBuilder.php(2345): CodeIgniter\Database\BaseConnection->query('INSERT INTO `production_jobs` (`job_reference`, `job_name`, `customer_id`, `production_date`, `production_category_id`, `quantity_produced`, `currency`, `total_material_cost`, `notes`, `status`, `payment_status`, `amount_paid`, `created_by`, `created_at`, `updated_at`) VALUES (:job_reference:, :job_name:, :customer_id:, :production_date:, :production_category_id:, :quantity_produced:, :currency:, :total_material_cost:, :notes:, :status:, :payment_status:, :amount_paid:, :created_by:, :created_at:, :updated_at:)', [...], false)
 5 SYSTEMPATH\Model.php(356): CodeIgniter\Database\BaseBuilder->insert()
 6 SYSTEMPATH\BaseModel.php(898): CodeIgniter\Model->doInsert([...])
 7 SYSTEMPATH\Model.php(665): CodeIgniter\BaseModel->insert([...], true)
 8 APPPATH\Controllers\Production.php(203): CodeIgniter\Model->insert([...])
 9 SYSTEMPATH\CodeIgniter.php(951): App\Controllers\Production->store()
10 SYSTEMPATH\CodeIgniter.php(497): CodeIgniter\CodeIgniter->runController(Object(App\Controllers\Production))
11 SYSTEMPATH\CodeIgniter.php(340): CodeIgniter\CodeIgniter->handleRequest(null, Object(Config\Cache), false)
12 SYSTEMPATH\Boot.php(417): CodeIgniter\CodeIgniter->run()
13 SYSTEMPATH\Boot.php(68): CodeIgniter\Boot::runCodeIgniter(Object(CodeIgniter\CodeIgniter))
14 FCPATH\index.php(59): CodeIgniter\Boot::bootWeb(Object(Config\Paths))
15 SYSTEMPATH\rewrite.php(44): require_once('C:\\Users\\weedkeystroke\\Desktop\\envtry\\public\\index.php')
ERROR - 2026-04-06 05:11:50 --> Cannot add or update a child row: a foreign key constraint fails (`diara`.`production_materials`, CONSTRAINT `production_materials_production_job_id_foreign` FOREIGN KEY (`production_job_id`) REFERENCES `production_jobs` (`id`) ON DELETE CASCADE ON UPDATE CA)
in SYSTEMPATH\Database\MySQLi\Connection.php on line 300.
 1 SYSTEMPATH\Database\MySQLi\Connection.php(300): mysqli->query('INSERT INTO `production_materials` (`production_job_id`, `product_id`, `unit_cost`, `total_cost`, `created_at`, `updated_at`) VALUES (0, 1, 30, 30, \'2026-04-06 05:11:50\', \'2026-04-06 05:11:50\')', 0)
 2 SYSTEMPATH\Database\BaseConnection.php(769): CodeIgniter\Database\MySQLi\Connection->execute('INSERT INTO `production_materials` (`production_job_id`, `product_id`, `unit_cost`, `total_cost`, `created_at`, `updated_at`) VALUES (0, 1, 30, 30, \'2026-04-06 05:11:50\', \'2026-04-06 05:11:50\')')
 3 SYSTEMPATH\Database\BaseConnection.php(686): CodeIgniter\Database\BaseConnection->simpleQuery('INSERT INTO `production_materials` (`production_job_id`, `product_id`, `unit_cost`, `total_cost`, `created_at`, `updated_at`) VALUES (0, 1, 30, 30, \'2026-04-06 05:11:50\', \'2026-04-06 05:11:50\')')
 4 SYSTEMPATH\Database\BaseBuilder.php(2345): CodeIgniter\Database\BaseConnection->query('INSERT INTO `production_materials` (`production_job_id`, `product_id`, `unit_cost`, `total_cost`, `created_at`, `updated_at`) VALUES (:production_job_id:, :product_id:, :unit_cost:, :total_cost:, :created_at:, :updated_at:)', [...], false)
 5 SYSTEMPATH\Model.php(356): CodeIgniter\Database\BaseBuilder->insert()
 6 SYSTEMPATH\BaseModel.php(898): CodeIgniter\Model->doInsert([...])
 7 SYSTEMPATH\Model.php(665): CodeIgniter\BaseModel->insert([...], true)
 8 APPPATH\Controllers\Production.php(210): CodeIgniter\Model->insert([...])
 9 SYSTEMPATH\CodeIgniter.php(951): App\Controllers\Production->store()
10 SYSTEMPATH\CodeIgniter.php(497): CodeIgniter\CodeIgniter->runController(Object(App\Controllers\Production))
11 SYSTEMPATH\CodeIgniter.php(340): CodeIgniter\CodeIgniter->handleRequest(null, Object(Config\Cache), false)
12 SYSTEMPATH\Boot.php(417): CodeIgniter\CodeIgniter->run()
13 SYSTEMPATH\Boot.php(68): CodeIgniter\Boot::runCodeIgniter(Object(CodeIgniter\CodeIgniter))
14 FCPATH\index.php(59): CodeIgniter\Boot::bootWeb(Object(Config\Paths))
15 SYSTEMPATH\rewrite.php(44): require_once('C:\\Users\\weedkeystroke\\Desktop\\envtry\\public\\index.php')
ERROR - 2026-04-06 05:11:50 --> [Production Store] Invalid primary key: boolean false is not allowed.
DEBUG - 2026-04-06 17:39:56 --> Session: Class initialized using 'CodeIgniter\Session\Handlers\FileHandler' driver.
DEBUG - 2026-04-06 17:39:56 --> Session: Class initialized using 'CodeIgniter\Session\Handlers\FileHandler' driver.
DEBUG - 2026-04-06 17:40:01 --> Session: Class initialized using 'CodeIgniter\Session\Handlers\FileHandler' driver.
DEBUG - 2026-04-06 17:40:01 --> Session: Class initialized using 'CodeIgniter\Session\Handlers\FileHandler' driver.
DEBUG - 2026-04-06 17:40:21 --> Session: Class initialized using 'CodeIgniter\Session\Handlers\FileHandler' driver.
DEBUG - 2026-04-06 17:40:22 --> Session: Class initialized using 'CodeIgniter\Session\Handlers\FileHandler' driver.
DEBUG - 2026-04-06 17:40:23 --> Session: Class initialized using 'CodeIgniter\Session\Handlers\FileHandler' driver.
DEBUG - 2026-04-06 17:40:23 --> Session: Class initialized using 'CodeIgniter\Session\Handlers\FileHandler' driver.
DEBUG - 2026-04-06 17:40:28 --> Session: Class initialized using 'CodeIgniter\Session\Handlers\FileHandler' driver.
DEBUG - 2026-04-06 17:40:29 --> Session: Class initialized using 'CodeIgniter\Session\Handlers\FileHandler' driver.
DEBUG - 2026-04-06 17:40:34 --> Session: Class initialized using 'CodeIgniter\Session\Handlers\FileHandler' driver.
DEBUG - 2026-04-06 17:40:34 --> Session: Class initialized using 'CodeIgniter\Session\Handlers\FileHandler' driver.
DEBUG - 2026-04-06 17:41:04 --> Session: Class initialized using 'CodeIgniter\Session\Handlers\FileHandler' driver.
DEBUG - 2026-04-06 17:41:34 --> Session: Class initialized using 'CodeIgniter\Session\Handlers\FileHandler' driver.
DEBUG - 2026-04-06 17:45:47 --> Session: Class initialized using 'CodeIgniter\Session\Handlers\FileHandler' driver.
DEBUG - 2026-04-06 17:46:04 --> Session: Class initialized using 'CodeIgniter\Session\Handlers\FileHandler' driver.
DEBUG - 2026-04-06 17:46:35 --> Session: Class initialized using 'CodeIgniter\Session\Handlers\FileHandler' driver.
DEBUG - 2026-04-06 17:47:05 --> Session: Class initialized using 'CodeIgniter\Session\Handlers\FileHandler' driver.
DEBUG - 2026-04-06 17:47:45 --> Session: Class initialized using 'CodeIgniter\Session\Handlers\FileHandler' driver.
DEBUG - 2026-04-06 17:48:05 --> Session: Class initialized using 'CodeIgniter\Session\Handlers\FileHandler' driver.
DEBUG - 2026-04-06 17:48:34 --> Session: Class initialized using 'CodeIgniter\Session\Handlers\FileHandler' driver.
DEBUG - 2026-04-06 17:49:04 --> Session: Class initialized using 'CodeIgniter\Session\Handlers\FileHandler' driver.
DEBUG - 2026-04-06 17:49:35 --> Session: Class initialized using 'CodeIgniter\Session\Handlers\FileHandler' driver.
DEBUG - 2026-04-06 17:50:05 --> Session: Class initialized using 'CodeIgniter\Session\Handlers\FileHandler' driver.
DEBUG - 2026-04-06 17:50:45 --> Session: Class initialized using 'CodeIgniter\Session\Handlers\FileHandler' driver.
DEBUG - 2026-04-06 17:51:45 --> Session: Class initialized using 'CodeIgniter\Session\Handlers\FileHandler' driver.
DEBUG - 2026-04-06 17:51:51 --> Session: Class initialized using 'CodeIgniter\Session\Handlers\FileHandler' driver.
DEBUG - 2026-04-06 17:51:53 --> Session: Class initialized using 'CodeIgniter\Session\Handlers\FileHandler' driver.
DEBUG - 2026-04-06 17:52:22 --> Session: Class initialized using 'CodeIgniter\Session\Handlers\FileHandler' driver.
DEBUG - 2026-04-06 17:52:52 --> Session: Class initialized using 'CodeIgniter\Session\Handlers\FileHandler' driver.
DEBUG - 2026-04-06 17:53:20 --> Session: Class initialized using 'CodeIgniter\Session\Handlers\FileHandler' driver.
ERROR - 2026-04-06 17:53:21 --> Unknown column 'payment_status' in 'field list'
in SYSTEMPATH\Database\MySQLi\Connection.php on line 300.
 1 SYSTEMPATH\Database\MySQLi\Connection.php(300): mysqli->query('INSERT INTO `production_jobs` (`job_reference`, `job_name`, `customer_id`, `production_date`, `production_category_id`, `quantity_produced`, `currency`, `total_material_cost`, `notes`, `status`, `payment_status`, `amount_paid`, `created_by`, `created_at`, `updated_at`) VALUES (\'JOB-202604-0004\', \'jennie contract fve\', \'1\', \'2026-04-06\', NULL, 3, \'LRD\', 0, \'admin\', \'Completed\', \'Partially Paid\', 4, \'1\', \'2026-04-06 17:53:21\', \'2026-04-06 17:53:21\')', 0)
 2 SYSTEMPATH\Database\BaseConnection.php(769): CodeIgniter\Database\MySQLi\Connection->execute('INSERT INTO `production_jobs` (`job_reference`, `job_name`, `customer_id`, `production_date`, `production_category_id`, `quantity_produced`, `currency`, `total_material_cost`, `notes`, `status`, `payment_status`, `amount_paid`, `created_by`, `created_at`, `updated_at`) VALUES (\'JOB-202604-0004\', \'jennie contract fve\', \'1\', \'2026-04-06\', NULL, 3, \'LRD\', 0, \'admin\', \'Completed\', \'Partially Paid\', 4, \'1\', \'2026-04-06 17:53:21\', \'2026-04-06 17:53:21\')')
 3 SYSTEMPATH\Database\BaseConnection.php(686): CodeIgniter\Database\BaseConnection->simpleQuery('INSERT INTO `production_jobs` (`job_reference`, `job_name`, `customer_id`, `production_date`, `production_category_id`, `quantity_produced`, `currency`, `total_material_cost`, `notes`, `status`, `payment_status`, `amount_paid`, `created_by`, `created_at`, `updated_at`) VALUES (\'JOB-202604-0004\', \'jennie contract fve\', \'1\', \'2026-04-06\', NULL, 3, \'LRD\', 0, \'admin\', \'Completed\', \'Partially Paid\', 4, \'1\', \'2026-04-06 17:53:21\', \'2026-04-06 17:53:21\')')
 4 SYSTEMPATH\Database\BaseBuilder.php(2345): CodeIgniter\Database\BaseConnection->query('INSERT INTO `production_jobs` (`job_reference`, `job_name`, `customer_id`, `production_date`, `production_category_id`, `quantity_produced`, `currency`, `total_material_cost`, `notes`, `status`, `payment_status`, `amount_paid`, `created_by`, `created_at`, `updated_at`) VALUES (:job_reference:, :job_name:, :customer_id:, :production_date:, :production_category_id:, :quantity_produced:, :currency:, :total_material_cost:, :notes:, :status:, :payment_status:, :amount_paid:, :created_by:, :created_at:, :updated_at:)', [...], false)
 5 SYSTEMPATH\Model.php(356): CodeIgniter\Database\BaseBuilder->insert()
 6 SYSTEMPATH\BaseModel.php(898): CodeIgniter\Model->doInsert([...])
 7 SYSTEMPATH\Model.php(665): CodeIgniter\BaseModel->insert([...], true)
 8 APPPATH\Controllers\Production.php(203): CodeIgniter\Model->insert([...])
 9 SYSTEMPATH\CodeIgniter.php(951): App\Controllers\Production->store()
10 SYSTEMPATH\CodeIgniter.php(497): CodeIgniter\CodeIgniter->runController(Object(App\Controllers\Production))
11 SYSTEMPATH\CodeIgniter.php(340): CodeIgniter\CodeIgniter->handleRequest(null, Object(Config\Cache), false)
12 SYSTEMPATH\Boot.php(417): CodeIgniter\CodeIgniter->run()
13 SYSTEMPATH\Boot.php(68): CodeIgniter\Boot::runCodeIgniter(Object(CodeIgniter\CodeIgniter))
14 FCPATH\index.php(59): CodeIgniter\Boot::bootWeb(Object(Config\Paths))
15 SYSTEMPATH\rewrite.php(44): require_once('C:\\Users\\weedkeystroke\\Desktop\\envtry\\public\\index.php')
ERROR - 2026-04-06 17:53:21 --> Cannot add or update a child row: a foreign key constraint fails (`diara`.`production_materials`, CONSTRAINT `production_materials_production_job_id_foreign` FOREIGN KEY (`production_job_id`) REFERENCES `production_jobs` (`id`) ON DELETE CASCADE ON UPDATE CA)
in SYSTEMPATH\Database\MySQLi\Connection.php on line 300.
 1 SYSTEMPATH\Database\MySQLi\Connection.php(300): mysqli->query('INSERT INTO `production_materials` (`production_job_id`, `product_id`, `unit_cost`, `total_cost`, `created_at`, `updated_at`) VALUES (0, 9, 76, 152, \'2026-04-06 17:53:21\', \'2026-04-06 17:53:21\')', 0)
 2 SYSTEMPATH\Database\BaseConnection.php(769): CodeIgniter\Database\MySQLi\Connection->execute('INSERT INTO `production_materials` (`production_job_id`, `product_id`, `unit_cost`, `total_cost`, `created_at`, `updated_at`) VALUES (0, 9, 76, 152, \'2026-04-06 17:53:21\', \'2026-04-06 17:53:21\')')
 3 SYSTEMPATH\Database\BaseConnection.php(686): CodeIgniter\Database\BaseConnection->simpleQuery('INSERT INTO `production_materials` (`production_job_id`, `product_id`, `unit_cost`, `total_cost`, `created_at`, `updated_at`) VALUES (0, 9, 76, 152, \'2026-04-06 17:53:21\', \'2026-04-06 17:53:21\')')
 4 SYSTEMPATH\Database\BaseBuilder.php(2345): CodeIgniter\Database\BaseConnection->query('INSERT INTO `production_materials` (`production_job_id`, `product_id`, `unit_cost`, `total_cost`, `created_at`, `updated_at`) VALUES (:production_job_id:, :product_id:, :unit_cost:, :total_cost:, :created_at:, :updated_at:)', [...], false)
 5 SYSTEMPATH\Model.php(356): CodeIgniter\Database\BaseBuilder->insert()
 6 SYSTEMPATH\BaseModel.php(898): CodeIgniter\Model->doInsert([...])
 7 SYSTEMPATH\Model.php(665): CodeIgniter\BaseModel->insert([...], true)
 8 APPPATH\Controllers\Production.php(210): CodeIgniter\Model->insert([...])
 9 SYSTEMPATH\CodeIgniter.php(951): App\Controllers\Production->store()
10 SYSTEMPATH\CodeIgniter.php(497): CodeIgniter\CodeIgniter->runController(Object(App\Controllers\Production))
11 SYSTEMPATH\CodeIgniter.php(340): CodeIgniter\CodeIgniter->handleRequest(null, Object(Config\Cache), false)
12 SYSTEMPATH\Boot.php(417): CodeIgniter\CodeIgniter->run()
13 SYSTEMPATH\Boot.php(68): CodeIgniter\Boot::runCodeIgniter(Object(CodeIgniter\CodeIgniter))
14 FCPATH\index.php(59): CodeIgniter\Boot::bootWeb(Object(Config\Paths))
15 SYSTEMPATH\rewrite.php(44): require_once('C:\\Users\\weedkeystroke\\Desktop\\envtry\\public\\index.php')
ERROR - 2026-04-06 17:53:21 --> [Production Store] Invalid primary key: boolean false is not allowed.
DEBUG - 2026-04-06 17:56:03 --> Session: Class initialized using 'CodeIgniter\Session\Handlers\FileHandler' driver.
DEBUG - 2026-04-06 17:56:23 --> Session: Class initialized using 'CodeIgniter\Session\Handlers\FileHandler' driver.
DEBUG - 2026-04-06 17:56:53 --> Session: Class initialized using 'CodeIgniter\Session\Handlers\FileHandler' driver.
DEBUG - 2026-04-06 17:57:23 --> Session: Class initialized using 'CodeIgniter\Session\Handlers\FileHandler' driver.
DEBUG - 2026-04-06 17:58:24 --> Session: Class initialized using 'CodeIgniter\Session\Handlers\FileHandler' driver.
DEBUG - 2026-04-06 17:59:25 --> Session: Class initialized using 'CodeIgniter\Session\Handlers\FileHandler' driver.
DEBUG - 2026-04-06 18:00:26 --> Session: Class initialized using 'CodeIgniter\Session\Handlers\FileHandler' driver.
DEBUG - 2026-04-06 18:01:27 --> Session: Class initialized using 'CodeIgniter\Session\Handlers\FileHandler' driver.
DEBUG - 2026-04-06 18:02:28 --> Session: Class initialized using 'CodeIgniter\Session\Handlers\FileHandler' driver.
DEBUG - 2026-04-06 18:03:29 --> Session: Class initialized using 'CodeIgniter\Session\Handlers\FileHandler' driver.
DEBUG - 2026-04-06 18:04:30 --> Session: Class initialized using 'CodeIgniter\Session\Handlers\FileHandler' driver.
DEBUG - 2026-04-06 18:05:31 --> Session: Class initialized using 'CodeIgniter\Session\Handlers\FileHandler' driver.
DEBUG - 2026-04-06 18:06:32 --> Session: Class initialized using 'CodeIgniter\Session\Handlers\FileHandler' driver.
DEBUG - 2026-04-06 18:06:58 --> Session: Class initialized using 'CodeIgniter\Session\Handlers\FileHandler' driver.
DEBUG - 2026-04-06 18:07:00 --> Session: Class initialized using 'CodeIgniter\Session\Handlers\FileHandler' driver.
DEBUG - 2026-04-06 18:07:01 --> Session: Class initialized using 'CodeIgniter\Session\Handlers\FileHandler' driver.
DEBUG - 2026-04-06 18:07:31 --> Session: Class initialized using 'CodeIgniter\Session\Handlers\FileHandler' driver.
DEBUG - 2026-04-06 18:07:31 --> Session: Class initialized using 'CodeIgniter\Session\Handlers\FileHandler' driver.
ERROR - 2026-04-06 18:07:31 --> Unknown column 'payment_status' in 'field list'
in SYSTEMPATH\Database\MySQLi\Connection.php on line 300.
 1 SYSTEMPATH\Database\MySQLi\Connection.php(300): mysqli->query('INSERT INTO `production_jobs` (`job_reference`, `job_name`, `customer_id`, `production_date`, `production_category_id`, `quantity_produced`, `currency`, `total_material_cost`, `notes`, `status`, `payment_status`, `amount_paid`, `created_by`, `created_at`, `updated_at`) VALUES (\'JOB-202604-0004\', \'jennie contract fve\', \'1\', \'2026-04-06\', NULL, 9, \'LRD\', 0, \'\', \'Draft\', \'Unpaid\', 0, \'1\', \'2026-04-06 18:07:31\', \'2026-04-06 18:07:31\')', 0)
 2 SYSTEMPATH\Database\BaseConnection.php(769): CodeIgniter\Database\MySQLi\Connection->execute('INSERT INTO `production_jobs` (`job_reference`, `job_name`, `customer_id`, `production_date`, `production_category_id`, `quantity_produced`, `currency`, `total_material_cost`, `notes`, `status`, `payment_status`, `amount_paid`, `created_by`, `created_at`, `updated_at`) VALUES (\'JOB-202604-0004\', \'jennie contract fve\', \'1\', \'2026-04-06\', NULL, 9, \'LRD\', 0, \'\', \'Draft\', \'Unpaid\', 0, \'1\', \'2026-04-06 18:07:31\', \'2026-04-06 18:07:31\')')
 3 SYSTEMPATH\Database\BaseConnection.php(686): CodeIgniter\Database\BaseConnection->simpleQuery('INSERT INTO `production_jobs` (`job_reference`, `job_name`, `customer_id`, `production_date`, `production_category_id`, `quantity_produced`, `currency`, `total_material_cost`, `notes`, `status`, `payment_status`, `amount_paid`, `created_by`, `created_at`, `updated_at`) VALUES (\'JOB-202604-0004\', \'jennie contract fve\', \'1\', \'2026-04-06\', NULL, 9, \'LRD\', 0, \'\', \'Draft\', \'Unpaid\', 0, \'1\', \'2026-04-06 18:07:31\', \'2026-04-06 18:07:31\')')
 4 SYSTEMPATH\Database\BaseBuilder.php(2345): CodeIgniter\Database\BaseConnection->query('INSERT INTO `production_jobs` (`job_reference`, `job_name`, `customer_id`, `production_date`, `production_category_id`, `quantity_produced`, `currency`, `total_material_cost`, `notes`, `status`, `payment_status`, `amount_paid`, `created_by`, `created_at`, `updated_at`) VALUES (:job_reference:, :job_name:, :customer_id:, :production_date:, :production_category_id:, :quantity_produced:, :currency:, :total_material_cost:, :notes:, :status:, :payment_status:, :amount_paid:, :created_by:, :created_at:, :updated_at:)', [...], false)
 5 SYSTEMPATH\Model.php(356): CodeIgniter\Database\BaseBuilder->insert()
 6 SYSTEMPATH\BaseModel.php(898): CodeIgniter\Model->doInsert([...])
 7 SYSTEMPATH\Model.php(665): CodeIgniter\BaseModel->insert([...], true)
 8 APPPATH\Controllers\Production.php(203): CodeIgniter\Model->insert([...])
 9 SYSTEMPATH\CodeIgniter.php(951): App\Controllers\Production->store()
10 SYSTEMPATH\CodeIgniter.php(497): CodeIgniter\CodeIgniter->runController(Object(App\Controllers\Production))
11 SYSTEMPATH\CodeIgniter.php(340): CodeIgniter\CodeIgniter->handleRequest(null, Object(Config\Cache), false)
12 SYSTEMPATH\Boot.php(417): CodeIgniter\CodeIgniter->run()
13 SYSTEMPATH\Boot.php(68): CodeIgniter\Boot::runCodeIgniter(Object(CodeIgniter\CodeIgniter))
14 FCPATH\index.php(59): CodeIgniter\Boot::bootWeb(Object(Config\Paths))
15 SYSTEMPATH\rewrite.php(44): require_once('C:\\Users\\weedkeystroke\\Desktop\\envtry\\public\\index.php')
ERROR - 2026-04-06 18:07:31 --> Cannot add or update a child row: a foreign key constraint fails (`diara`.`production_materials`, CONSTRAINT `production_materials_production_job_id_foreign` FOREIGN KEY (`production_job_id`) REFERENCES `production_jobs` (`id`) ON DELETE CASCADE ON UPDATE CA)
in SYSTEMPATH\Database\MySQLi\Connection.php on line 300.
 1 SYSTEMPATH\Database\MySQLi\Connection.php(300): mysqli->query('INSERT INTO `production_materials` (`production_job_id`, `product_id`, `quantity_used`, `unit_cost`, `total_cost`, `created_at`, `updated_at`) VALUES (0, 2, 9, 40, 360, \'2026-04-06 18:07:31\', \'2026-04-06 18:07:31\')', 0)
 2 SYSTEMPATH\Database\BaseConnection.php(769): CodeIgniter\Database\MySQLi\Connection->execute('INSERT INTO `production_materials` (`production_job_id`, `product_id`, `quantity_used`, `unit_cost`, `total_cost`, `created_at`, `updated_at`) VALUES (0, 2, 9, 40, 360, \'2026-04-06 18:07:31\', \'2026-04-06 18:07:31\')')
 3 SYSTEMPATH\Database\BaseConnection.php(686): CodeIgniter\Database\BaseConnection->simpleQuery('INSERT INTO `production_materials` (`production_job_id`, `product_id`, `quantity_used`, `unit_cost`, `total_cost`, `created_at`, `updated_at`) VALUES (0, 2, 9, 40, 360, \'2026-04-06 18:07:31\', \'2026-04-06 18:07:31\')')
 4 SYSTEMPATH\Database\BaseBuilder.php(2345): CodeIgniter\Database\BaseConnection->query('INSERT INTO `production_materials` (`production_job_id`, `product_id`, `quantity_used`, `unit_cost`, `total_cost`, `created_at`, `updated_at`) VALUES (:production_job_id:, :product_id:, :quantity_used:, :unit_cost:, :total_cost:, :created_at:, :updated_at:)', [...], false)
 5 SYSTEMPATH\Model.php(356): CodeIgniter\Database\BaseBuilder->insert()
 6 SYSTEMPATH\BaseModel.php(898): CodeIgniter\Model->doInsert([...])
 7 SYSTEMPATH\Model.php(665): CodeIgniter\BaseModel->insert([...], true)
 8 APPPATH\Controllers\Production.php(210): CodeIgniter\Model->insert([...])
 9 SYSTEMPATH\CodeIgniter.php(951): App\Controllers\Production->store()
10 SYSTEMPATH\CodeIgniter.php(497): CodeIgniter\CodeIgniter->runController(Object(App\Controllers\Production))
11 SYSTEMPATH\CodeIgniter.php(340): CodeIgniter\CodeIgniter->handleRequest(null, Object(Config\Cache), false)
12 SYSTEMPATH\Boot.php(417): CodeIgniter\CodeIgniter->run()
13 SYSTEMPATH\Boot.php(68): CodeIgniter\Boot::runCodeIgniter(Object(CodeIgniter\CodeIgniter))
14 FCPATH\index.php(59): CodeIgniter\Boot::bootWeb(Object(Config\Paths))
15 SYSTEMPATH\rewrite.php(44): require_once('C:\\Users\\weedkeystroke\\Desktop\\envtry\\public\\index.php')
ERROR - 2026-04-06 18:07:31 --> [Production Store] Invalid primary key: boolean false is not allowed.
DEBUG - 2026-04-06 18:07:40 --> Session: Class initialized using 'CodeIgniter\Session\Handlers\FileHandler' driver.
ERROR - 2026-04-06 18:07:40 --> Unknown column 'payment_status' in 'field list'
in SYSTEMPATH\Database\MySQLi\Connection.php on line 300.
 1 SYSTEMPATH\Database\MySQLi\Connection.php(300): mysqli->query('INSERT INTO `production_jobs` (`job_reference`, `job_name`, `customer_id`, `production_date`, `production_category_id`, `quantity_produced`, `currency`, `total_material_cost`, `notes`, `status`, `payment_status`, `amount_paid`, `created_by`, `created_at`, `updated_at`) VALUES (\'JOB-202604-0004\', \'jennie contract fve\', \'1\', \'2026-04-06\', NULL, 9, \'LRD\', 0, \'\', \'Draft\', \'Unpaid\', 0, \'1\', \'2026-04-06 18:07:40\', \'2026-04-06 18:07:40\')', 0)
 2 SYSTEMPATH\Database\BaseConnection.php(769): CodeIgniter\Database\MySQLi\Connection->execute('INSERT INTO `production_jobs` (`job_reference`, `job_name`, `customer_id`, `production_date`, `production_category_id`, `quantity_produced`, `currency`, `total_material_cost`, `notes`, `status`, `payment_status`, `amount_paid`, `created_by`, `created_at`, `updated_at`) VALUES (\'JOB-202604-0004\', \'jennie contract fve\', \'1\', \'2026-04-06\', NULL, 9, \'LRD\', 0, \'\', \'Draft\', \'Unpaid\', 0, \'1\', \'2026-04-06 18:07:40\', \'2026-04-06 18:07:40\')')
 3 SYSTEMPATH\Database\BaseConnection.php(686): CodeIgniter\Database\BaseConnection->simpleQuery('INSERT INTO `production_jobs` (`job_reference`, `job_name`, `customer_id`, `production_date`, `production_category_id`, `quantity_produced`, `currency`, `total_material_cost`, `notes`, `status`, `payment_status`, `amount_paid`, `created_by`, `created_at`, `updated_at`) VALUES (\'JOB-202604-0004\', \'jennie contract fve\', \'1\', \'2026-04-06\', NULL, 9, \'LRD\', 0, \'\', \'Draft\', \'Unpaid\', 0, \'1\', \'2026-04-06 18:07:40\', \'2026-04-06 18:07:40\')')
 4 SYSTEMPATH\Database\BaseBuilder.php(2345): CodeIgniter\Database\BaseConnection->query('INSERT INTO `production_jobs` (`job_reference`, `job_name`, `customer_id`, `production_date`, `production_category_id`, `quantity_produced`, `currency`, `total_material_cost`, `notes`, `status`, `payment_status`, `amount_paid`, `created_by`, `created_at`, `updated_at`) VALUES (:job_reference:, :job_name:, :customer_id:, :production_date:, :production_category_id:, :quantity_produced:, :currency:, :total_material_cost:, :notes:, :status:, :payment_status:, :amount_paid:, :created_by:, :created_at:, :updated_at:)', [...], false)
 5 SYSTEMPATH\Model.php(356): CodeIgniter\Database\BaseBuilder->insert()
 6 SYSTEMPATH\BaseModel.php(898): CodeIgniter\Model->doInsert([...])
 7 SYSTEMPATH\Model.php(665): CodeIgniter\BaseModel->insert([...], true)
 8 APPPATH\Controllers\Production.php(203): CodeIgniter\Model->insert([...])
 9 SYSTEMPATH\CodeIgniter.php(951): App\Controllers\Production->store()
10 SYSTEMPATH\CodeIgniter.php(497): CodeIgniter\CodeIgniter->runController(Object(App\Controllers\Production))
11 SYSTEMPATH\CodeIgniter.php(340): CodeIgniter\CodeIgniter->handleRequest(null, Object(Config\Cache), false)
12 SYSTEMPATH\Boot.php(417): CodeIgniter\CodeIgniter->run()
13 SYSTEMPATH\Boot.php(68): CodeIgniter\Boot::runCodeIgniter(Object(CodeIgniter\CodeIgniter))
14 FCPATH\index.php(59): CodeIgniter\Boot::bootWeb(Object(Config\Paths))
15 SYSTEMPATH\rewrite.php(44): require_once('C:\\Users\\weedkeystroke\\Desktop\\envtry\\public\\index.php')
ERROR - 2026-04-06 18:07:40 --> Cannot add or update a child row: a foreign key constraint fails (`diara`.`production_materials`, CONSTRAINT `production_materials_production_job_id_foreign` FOREIGN KEY (`production_job_id`) REFERENCES `production_jobs` (`id`) ON DELETE CASCADE ON UPDATE CA)
in SYSTEMPATH\Database\MySQLi\Connection.php on line 300.
 1 SYSTEMPATH\Database\MySQLi\Connection.php(300): mysqli->query('INSERT INTO `production_materials` (`production_job_id`, `product_id`, `quantity_used`, `unit_cost`, `total_cost`, `created_at`, `updated_at`) VALUES (0, 2, 9, 40, 360, \'2026-04-06 18:07:40\', \'2026-04-06 18:07:40\')', 0)
 2 SYSTEMPATH\Database\BaseConnection.php(769): CodeIgniter\Database\MySQLi\Connection->execute('INSERT INTO `production_materials` (`production_job_id`, `product_id`, `quantity_used`, `unit_cost`, `total_cost`, `created_at`, `updated_at`) VALUES (0, 2, 9, 40, 360, \'2026-04-06 18:07:40\', \'2026-04-06 18:07:40\')')
 3 SYSTEMPATH\Database\BaseConnection.php(686): CodeIgniter\Database\BaseConnection->simpleQuery('INSERT INTO `production_materials` (`production_job_id`, `product_id`, `quantity_used`, `unit_cost`, `total_cost`, `created_at`, `updated_at`) VALUES (0, 2, 9, 40, 360, \'2026-04-06 18:07:40\', \'2026-04-06 18:07:40\')')
 4 SYSTEMPATH\Database\BaseBuilder.php(2345): CodeIgniter\Database\BaseConnection->query('INSERT INTO `production_materials` (`production_job_id`, `product_id`, `quantity_used`, `unit_cost`, `total_cost`, `created_at`, `updated_at`) VALUES (:production_job_id:, :product_id:, :quantity_used:, :unit_cost:, :total_cost:, :created_at:, :updated_at:)', [...], false)
 5 SYSTEMPATH\Model.php(356): CodeIgniter\Database\BaseBuilder->insert()
 6 SYSTEMPATH\BaseModel.php(898): CodeIgniter\Model->doInsert([...])
 7 SYSTEMPATH\Model.php(665): CodeIgniter\BaseModel->insert([...], true)
 8 APPPATH\Controllers\Production.php(210): CodeIgniter\Model->insert([...])
 9 SYSTEMPATH\CodeIgniter.php(951): App\Controllers\Production->store()
10 SYSTEMPATH\CodeIgniter.php(497): CodeIgniter\CodeIgniter->runController(Object(App\Controllers\Production))
11 SYSTEMPATH\CodeIgniter.php(340): CodeIgniter\CodeIgniter->handleRequest(null, Object(Config\Cache), false)
12 SYSTEMPATH\Boot.php(417): CodeIgniter\CodeIgniter->run()
13 SYSTEMPATH\Boot.php(68): CodeIgniter\Boot::runCodeIgniter(Object(CodeIgniter\CodeIgniter))
14 FCPATH\index.php(59): CodeIgniter\Boot::bootWeb(Object(Config\Paths))
15 SYSTEMPATH\rewrite.php(44): require_once('C:\\Users\\weedkeystroke\\Desktop\\envtry\\public\\index.php')
ERROR - 2026-04-06 18:07:40 --> [Production Store] Invalid primary key: boolean false is not allowed.
DEBUG - 2026-04-06 18:12:12 --> Session: Class initialized using 'CodeIgniter\Session\Handlers\FileHandler' driver.
DEBUG - 2026-04-06 18:12:31 --> Session: Class initialized using 'CodeIgniter\Session\Handlers\FileHandler' driver.
DEBUG - 2026-04-06 18:13:01 --> Session: Class initialized using 'CodeIgniter\Session\Handlers\FileHandler' driver.
DEBUG - 2026-04-06 18:13:30 --> Session: Class initialized using 'CodeIgniter\Session\Handlers\FileHandler' driver.
DEBUG - 2026-04-06 18:14:01 --> Session: Class initialized using 'CodeIgniter\Session\Handlers\FileHandler' driver.
DEBUG - 2026-04-06 18:14:31 --> Session: Class initialized using 'CodeIgniter\Session\Handlers\FileHandler' driver.
DEBUG - 2026-04-06 18:15:01 --> Session: Class initialized using 'CodeIgniter\Session\Handlers\FileHandler' driver.
DEBUG - 2026-04-06 18:15:15 --> Session: Class initialized using 'CodeIgniter\Session\Handlers\FileHandler' driver.
DEBUG - 2026-04-06 18:15:16 --> Session: Class initialized using 'CodeIgniter\Session\Handlers\FileHandler' driver.
DEBUG - 2026-04-06 18:15:16 --> Session: Class initialized using 'CodeIgniter\Session\Handlers\FileHandler' driver.
DEBUG - 2026-04-06 18:15:31 --> Session: Class initialized using 'CodeIgniter\Session\Handlers\FileHandler' driver.
DEBUG - 2026-04-06 18:15:32 --> Session: Class initialized using 'CodeIgniter\Session\Handlers\FileHandler' driver.
DEBUG - 2026-04-06 18:15:57 --> Session: Class initialized using 'CodeIgniter\Session\Handlers\FileHandler' driver.
DEBUG - 2026-04-06 18:15:59 --> Session: Class initialized using 'CodeIgniter\Session\Handlers\FileHandler' driver.
DEBUG - 2026-04-06 18:16:19 --> Session: Class initialized using 'CodeIgniter\Session\Handlers\FileHandler' driver.
DEBUG - 2026-04-06 18:16:29 --> Session: Class initialized using 'CodeIgniter\Session\Handlers\FileHandler' driver.
DEBUG - 2026-04-06 18:16:35 --> Session: Class initialized using 'CodeIgniter\Session\Handlers\FileHandler' driver.
DEBUG - 2026-04-06 18:16:46 --> Session: Class initialized using 'CodeIgniter\Session\Handlers\FileHandler' driver.
DEBUG - 2026-04-06 18:16:48 --> Session: Class initialized using 'CodeIgniter\Session\Handlers\FileHandler' driver.
DEBUG - 2026-04-06 18:16:59 --> Session: Class initialized using 'CodeIgniter\Session\Handlers\FileHandler' driver.
DEBUG - 2026-04-06 18:17:01 --> Session: Class initialized using 'CodeIgniter\Session\Handlers\FileHandler' driver.
DEBUG - 2026-04-06 18:17:01 --> Session: Class initialized using 'CodeIgniter\Session\Handlers\FileHandler' driver.
DEBUG - 2026-04-06 18:17:31 --> Session: Class initialized using 'CodeIgniter\Session\Handlers\FileHandler' driver.
DEBUG - 2026-04-06 18:18:01 --> Session: Class initialized using 'CodeIgniter\Session\Handlers\FileHandler' driver.
DEBUG - 2026-04-06 18:18:01 --> Session: Class initialized using 'CodeIgniter\Session\Handlers\FileHandler' driver.
DEBUG - 2026-04-06 18:18:31 --> Session: Class initialized using 'CodeIgniter\Session\Handlers\FileHandler' driver.
DEBUG - 2026-04-06 18:19:01 --> Session: Class initialized using 'CodeIgniter\Session\Handlers\FileHandler' driver.
DEBUG - 2026-04-06 18:19:01 --> Session: Class initialized using 'CodeIgniter\Session\Handlers\FileHandler' driver.
DEBUG - 2026-04-06 18:19:31 --> Session: Class initialized using 'CodeIgniter\Session\Handlers\FileHandler' driver.
DEBUG - 2026-04-06 18:20:01 --> Session: Class initialized using 'CodeIgniter\Session\Handlers\FileHandler' driver.
DEBUG - 2026-04-06 18:20:01 --> Session: Class initialized using 'CodeIgniter\Session\Handlers\FileHandler' driver.
DEBUG - 2026-04-06 18:20:45 --> Session: Class initialized using 'CodeIgniter\Session\Handlers\FileHandler' driver.
DEBUG - 2026-04-06 18:21:01 --> Session: Class initialized using 'CodeIgniter\Session\Handlers\FileHandler' driver.
DEBUG - 2026-04-06 18:21:45 --> Session: Class initialized using 'CodeIgniter\Session\Handlers\FileHandler' driver.
DEBUG - 2026-04-06 18:22:01 --> Session: Class initialized using 'CodeIgniter\Session\Handlers\FileHandler' driver.
DEBUG - 2026-04-06 18:22:52 --> Session: Class initialized using 'CodeIgniter\Session\Handlers\FileHandler' driver.
DEBUG - 2026-04-06 18:23:45 --> Session: Class initialized using 'CodeIgniter\Session\Handlers\FileHandler' driver.
DEBUG - 2026-04-06 18:23:45 --> Session: Class initialized using 'CodeIgniter\Session\Handlers\FileHandler' driver.
DEBUG - 2026-04-06 18:24:45 --> Session: Class initialized using 'CodeIgniter\Session\Handlers\FileHandler' driver.
DEBUG - 2026-04-06 18:24:45 --> Session: Class initialized using 'CodeIgniter\Session\Handlers\FileHandler' driver.
DEBUG - 2026-04-06 18:25:45 --> Session: Class initialized using 'CodeIgniter\Session\Handlers\FileHandler' driver.
DEBUG - 2026-04-06 18:25:45 --> Session: Class initialized using 'CodeIgniter\Session\Handlers\FileHandler' driver.
DEBUG - 2026-04-06 18:26:45 --> Session: Class initialized using 'CodeIgniter\Session\Handlers\FileHandler' driver.
DEBUG - 2026-04-06 18:26:45 --> Session: Class initialized using 'CodeIgniter\Session\Handlers\FileHandler' driver.
DEBUG - 2026-04-06 18:27:45 --> Session: Class initialized using 'CodeIgniter\Session\Handlers\FileHandler' driver.
DEBUG - 2026-04-06 18:27:45 --> Session: Class initialized using 'CodeIgniter\Session\Handlers\FileHandler' driver.
DEBUG - 2026-04-06 18:33:50 --> Session: Class initialized using 'CodeIgniter\Session\Handlers\FileHandler' driver.
DEBUG - 2026-04-06 18:33:55 --> Session: Class initialized using 'CodeIgniter\Session\Handlers\FileHandler' driver.
DEBUG - 2026-04-06 18:33:55 --> Session: Class initialized using 'CodeIgniter\Session\Handlers\FileHandler' driver.
DEBUG - 2026-04-06 18:34:24 --> Session: Class initialized using 'CodeIgniter\Session\Handlers\FileHandler' driver.
DEBUG - 2026-04-06 18:34:54 --> Session: Class initialized using 'CodeIgniter\Session\Handlers\FileHandler' driver.
DEBUG - 2026-04-06 18:34:54 --> Session: Class initialized using 'CodeIgniter\Session\Handlers\FileHandler' driver.
DEBUG - 2026-04-06 18:35:24 --> Session: Class initialized using 'CodeIgniter\Session\Handlers\FileHandler' driver.
DEBUG - 2026-04-06 18:35:54 --> Session: Class initialized using 'CodeIgniter\Session\Handlers\FileHandler' driver.
DEBUG - 2026-04-06 18:35:54 --> Session: Class initialized using 'CodeIgniter\Session\Handlers\FileHandler' driver.
DEBUG - 2026-04-06 18:36:24 --> Session: Class initialized using 'CodeIgniter\Session\Handlers\FileHandler' driver.
DEBUG - 2026-04-06 18:36:54 --> Session: Class initialized using 'CodeIgniter\Session\Handlers\FileHandler' driver.
DEBUG - 2026-04-06 18:36:54 --> Session: Class initialized using 'CodeIgniter\Session\Handlers\FileHandler' driver.
DEBUG - 2026-04-06 18:37:21 --> Session: Class initialized using 'CodeIgniter\Session\Handlers\FileHandler' driver.
DEBUG - 2026-04-06 18:37:24 --> Session: Class initialized using 'CodeIgniter\Session\Handlers\FileHandler' driver.
DEBUG - 2026-04-06 18:37:26 --> Session: Class initialized using 'CodeIgniter\Session\Handlers\FileHandler' driver.
DEBUG - 2026-04-06 18:37:27 --> Session: Class initialized using 'CodeIgniter\Session\Handlers\FileHandler' driver.
DEBUG - 2026-04-06 18:37:57 --> Session: Class initialized using 'CodeIgniter\Session\Handlers\FileHandler' driver.
DEBUG - 2026-04-06 18:37:57 --> Session: Class initialized using 'CodeIgniter\Session\Handlers\FileHandler' driver.
ERROR - 2026-04-06 18:37:57 --> Unknown column 'payment_status' in 'field list'
in SYSTEMPATH\Database\MySQLi\Connection.php on line 300.
 1 SYSTEMPATH\Database\MySQLi\Connection.php(300): mysqli->query('INSERT INTO `production_jobs` (`job_reference`, `job_name`, `customer_id`, `production_date`, `production_category_id`, `quantity_produced`, `currency`, `total_material_cost`, `notes`, `status`, `payment_status`, `amount_paid`, `created_by`, `created_at`, `updated_at`) VALUES (\'JOB-202604-0004\', \'jennie contract fve\', \'1\', \'2026-04-06\', NULL, 5, \'LRD\', 0, \'\', \'Draft\', \'Partially Paid\', 2, \'1\', \'2026-04-06 18:37:57\', \'2026-04-06 18:37:57\')', 0)
 2 SYSTEMPATH\Database\BaseConnection.php(769): CodeIgniter\Database\MySQLi\Connection->execute('INSERT INTO `production_jobs` (`job_reference`, `job_name`, `customer_id`, `production_date`, `production_category_id`, `quantity_produced`, `currency`, `total_material_cost`, `notes`, `status`, `payment_status`, `amount_paid`, `created_by`, `created_at`, `updated_at`) VALUES (\'JOB-202604-0004\', \'jennie contract fve\', \'1\', \'2026-04-06\', NULL, 5, \'LRD\', 0, \'\', \'Draft\', \'Partially Paid\', 2, \'1\', \'2026-04-06 18:37:57\', \'2026-04-06 18:37:57\')')
 3 SYSTEMPATH\Database\BaseConnection.php(686): CodeIgniter\Database\BaseConnection->simpleQuery('INSERT INTO `production_jobs` (`job_reference`, `job_name`, `customer_id`, `production_date`, `production_category_id`, `quantity_produced`, `currency`, `total_material_cost`, `notes`, `status`, `payment_status`, `amount_paid`, `created_by`, `created_at`, `updated_at`) VALUES (\'JOB-202604-0004\', \'jennie contract fve\', \'1\', \'2026-04-06\', NULL, 5, \'LRD\', 0, \'\', \'Draft\', \'Partially Paid\', 2, \'1\', \'2026-04-06 18:37:57\', \'2026-04-06 18:37:57\')')
 4 SYSTEMPATH\Database\BaseBuilder.php(2345): CodeIgniter\Database\BaseConnection->query('INSERT INTO `production_jobs` (`job_reference`, `job_name`, `customer_id`, `production_date`, `production_category_id`, `quantity_produced`, `currency`, `total_material_cost`, `notes`, `status`, `payment_status`, `amount_paid`, `created_by`, `created_at`, `updated_at`) VALUES (:job_reference:, :job_name:, :customer_id:, :production_date:, :production_category_id:, :quantity_produced:, :currency:, :total_material_cost:, :notes:, :status:, :payment_status:, :amount_paid:, :created_by:, :created_at:, :updated_at:)', [...], false)
 5 SYSTEMPATH\Model.php(356): CodeIgniter\Database\BaseBuilder->insert()
 6 SYSTEMPATH\BaseModel.php(898): CodeIgniter\Model->doInsert([...])
 7 SYSTEMPATH\Model.php(665): CodeIgniter\BaseModel->insert([...], true)
 8 APPPATH\Controllers\Production.php(203): CodeIgniter\Model->insert([...])
 9 SYSTEMPATH\CodeIgniter.php(951): App\Controllers\Production->store()
10 SYSTEMPATH\CodeIgniter.php(497): CodeIgniter\CodeIgniter->runController(Object(App\Controllers\Production))
11 SYSTEMPATH\CodeIgniter.php(340): CodeIgniter\CodeIgniter->handleRequest(null, Object(Config\Cache), false)
12 SYSTEMPATH\Boot.php(417): CodeIgniter\CodeIgniter->run()
13 SYSTEMPATH\Boot.php(68): CodeIgniter\Boot::runCodeIgniter(Object(CodeIgniter\CodeIgniter))
14 FCPATH\index.php(59): CodeIgniter\Boot::bootWeb(Object(Config\Paths))
15 SYSTEMPATH\rewrite.php(44): require_once('C:\\Users\\weedkeystroke\\Desktop\\envtry\\public\\index.php')
ERROR - 2026-04-06 18:37:57 --> [Production Store] Failed to insert production job: Unknown column 'payment_status' in 'field list'
DEBUG - 2026-04-06 18:38:27 --> Session: Class initialized using 'CodeIgniter\Session\Handlers\FileHandler' driver.
DEBUG - 2026-04-06 18:38:57 --> Session: Class initialized using 'CodeIgniter\Session\Handlers\FileHandler' driver.
DEBUG - 2026-04-06 18:39:27 --> Session: Class initialized using 'CodeIgniter\Session\Handlers\FileHandler' driver.
DEBUG - 2026-04-06 18:39:57 --> Session: Class initialized using 'CodeIgniter\Session\Handlers\FileHandler' driver.
DEBUG - 2026-04-06 18:40:27 --> Session: Class initialized using 'CodeIgniter\Session\Handlers\FileHandler' driver.
DEBUG - 2026-04-06 18:40:57 --> Session: Class initialized using 'CodeIgniter\Session\Handlers\FileHandler' driver.
DEBUG - 2026-04-06 18:41:27 --> Session: Class initialized using 'CodeIgniter\Session\Handlers\FileHandler' driver.
DEBUG - 2026-04-06 18:41:57 --> Session: Class initialized using 'CodeIgniter\Session\Handlers\FileHandler' driver.
DEBUG - 2026-04-06 18:42:01 --> Session: Class initialized using 'CodeIgniter\Session\Handlers\FileHandler' driver.
ERROR - 2026-04-06 18:42:01 --> Unknown column 'payment_status' in 'field list'
in SYSTEMPATH\Database\MySQLi\Connection.php on line 300.
 1 SYSTEMPATH\Database\MySQLi\Connection.php(300): mysqli->query('INSERT INTO `production_jobs` (`job_reference`, `job_name`, `customer_id`, `production_date`, `production_category_id`, `quantity_produced`, `currency`, `total_material_cost`, `notes`, `status`, `payment_status`, `amount_paid`, `created_by`, `created_at`, `updated_at`) VALUES (\'JOB-202604-0004\', \'jennie contract fve\', \'1\', \'2026-04-06\', NULL, 5, \'LRD\', 0, \'\', \'Draft\', \'Partially Paid\', 2, \'1\', \'2026-04-06 18:42:01\', \'2026-04-06 18:42:01\')', 0)
 2 SYSTEMPATH\Database\BaseConnection.php(769): CodeIgniter\Database\MySQLi\Connection->execute('INSERT INTO `production_jobs` (`job_reference`, `job_name`, `customer_id`, `production_date`, `production_category_id`, `quantity_produced`, `currency`, `total_material_cost`, `notes`, `status`, `payment_status`, `amount_paid`, `created_by`, `created_at`, `updated_at`) VALUES (\'JOB-202604-0004\', \'jennie contract fve\', \'1\', \'2026-04-06\', NULL, 5, \'LRD\', 0, \'\', \'Draft\', \'Partially Paid\', 2, \'1\', \'2026-04-06 18:42:01\', \'2026-04-06 18:42:01\')')
 3 SYSTEMPATH\Database\BaseConnection.php(686): CodeIgniter\Database\BaseConnection->simpleQuery('INSERT INTO `production_jobs` (`job_reference`, `job_name`, `customer_id`, `production_date`, `production_category_id`, `quantity_produced`, `currency`, `total_material_cost`, `notes`, `status`, `payment_status`, `amount_paid`, `created_by`, `created_at`, `updated_at`) VALUES (\'JOB-202604-0004\', \'jennie contract fve\', \'1\', \'2026-04-06\', NULL, 5, \'LRD\', 0, \'\', \'Draft\', \'Partially Paid\', 2, \'1\', \'2026-04-06 18:42:01\', \'2026-04-06 18:42:01\')')
 4 SYSTEMPATH\Database\BaseBuilder.php(2345): CodeIgniter\Database\BaseConnection->query('INSERT INTO `production_jobs` (`job_reference`, `job_name`, `customer_id`, `production_date`, `production_category_id`, `quantity_produced`, `currency`, `total_material_cost`, `notes`, `status`, `payment_status`, `amount_paid`, `created_by`, `created_at`, `updated_at`) VALUES (:job_reference:, :job_name:, :customer_id:, :production_date:, :production_category_id:, :quantity_produced:, :currency:, :total_material_cost:, :notes:, :status:, :payment_status:, :amount_paid:, :created_by:, :created_at:, :updated_at:)', [...], false)
 5 SYSTEMPATH\Model.php(356): CodeIgniter\Database\BaseBuilder->insert()
 6 SYSTEMPATH\BaseModel.php(898): CodeIgniter\Model->doInsert([...])
 7 SYSTEMPATH\Model.php(665): CodeIgniter\BaseModel->insert([...], true)
 8 APPPATH\Controllers\Production.php(203): CodeIgniter\Model->insert([...])
 9 SYSTEMPATH\CodeIgniter.php(951): App\Controllers\Production->store()
10 SYSTEMPATH\CodeIgniter.php(497): CodeIgniter\CodeIgniter->runController(Object(App\Controllers\Production))
11 SYSTEMPATH\CodeIgniter.php(340): CodeIgniter\CodeIgniter->handleRequest(null, Object(Config\Cache), false)
12 SYSTEMPATH\Boot.php(417): CodeIgniter\CodeIgniter->run()
13 SYSTEMPATH\Boot.php(68): CodeIgniter\Boot::runCodeIgniter(Object(CodeIgniter\CodeIgniter))
14 FCPATH\index.php(59): CodeIgniter\Boot::bootWeb(Object(Config\Paths))
15 SYSTEMPATH\rewrite.php(44): require_once('C:\\Users\\weedkeystroke\\Desktop\\envtry\\public\\index.php')
ERROR - 2026-04-06 18:42:01 --> [Production Store] Failed to insert production job: Unknown column 'payment_status' in 'field list'
DEBUG - 2026-04-06 18:42:27 --> Session: Class initialized using 'CodeIgniter\Session\Handlers\FileHandler' driver.
DEBUG - 2026-04-06 18:42:57 --> Session: Class initialized using 'CodeIgniter\Session\Handlers\FileHandler' driver.
DEBUG - 2026-04-06 18:43:45 --> Session: Class initialized using 'CodeIgniter\Session\Handlers\FileHandler' driver.
DEBUG - 2026-04-06 18:44:45 --> Session: Class initialized using 'CodeIgniter\Session\Handlers\FileHandler' driver.
DEBUG - 2026-04-06 18:45:45 --> Session: Class initialized using 'CodeIgniter\Session\Handlers\FileHandler' driver.
DEBUG - 2026-04-06 18:46:45 --> Session: Class initialized using 'CodeIgniter\Session\Handlers\FileHandler' driver.
DEBUG - 2026-04-06 18:47:27 --> Session: Class initialized using 'CodeIgniter\Session\Handlers\FileHandler' driver.
DEBUG - 2026-04-06 18:47:57 --> Session: Class initialized using 'CodeIgniter\Session\Handlers\FileHandler' driver.
DEBUG - 2026-04-06 18:48:27 --> Session: Class initialized using 'CodeIgniter\Session\Handlers\FileHandler' driver.
DEBUG - 2026-04-06 18:49:28 --> Session: Class initialized using 'CodeIgniter\Session\Handlers\FileHandler' driver.
DEBUG - 2026-04-06 18:50:29 --> Session: Class initialized using 'CodeIgniter\Session\Handlers\FileHandler' driver.
DEBUG - 2026-04-06 18:51:30 --> Session: Class initialized using 'CodeIgniter\Session\Handlers\FileHandler' driver.
DEBUG - 2026-04-06 18:52:31 --> Session: Class initialized using 'CodeIgniter\Session\Handlers\FileHandler' driver.
DEBUG - 2026-04-06 18:53:32 --> Session: Class initialized using 'CodeIgniter\Session\Handlers\FileHandler' driver.
DEBUG - 2026-04-06 18:54:33 --> Session: Class initialized using 'CodeIgniter\Session\Handlers\FileHandler' driver.
DEBUG - 2026-04-06 18:55:34 --> Session: Class initialized using 'CodeIgniter\Session\Handlers\FileHandler' driver.
DEBUG - 2026-04-06 18:56:35 --> Session: Class initialized using 'CodeIgniter\Session\Handlers\FileHandler' driver.
DEBUG - 2026-04-06 18:57:36 --> Session: Class initialized using 'CodeIgniter\Session\Handlers\FileHandler' driver.
DEBUG - 2026-04-06 19:12:18 --> Session: Class initialized using 'CodeIgniter\Session\Handlers\FileHandler' driver.
DEBUG - 2026-04-06 19:12:45 --> Session: Class initialized using 'CodeIgniter\Session\Handlers\FileHandler' driver.
DEBUG - 2026-04-06 19:12:57 --> Session: Class initialized using 'CodeIgniter\Session\Handlers\FileHandler' driver.
DEBUG - 2026-04-06 19:13:27 --> Session: Class initialized using 'CodeIgniter\Session\Handlers\FileHandler' driver.
DEBUG - 2026-04-06 19:14:28 --> Session: Class initialized using 'CodeIgniter\Session\Handlers\FileHandler' driver.
DEBUG - 2026-04-06 19:15:29 --> Session: Class initialized using 'CodeIgniter\Session\Handlers\FileHandler' driver.
DEBUG - 2026-04-06 19:16:30 --> Session: Class initialized using 'CodeIgniter\Session\Handlers\FileHandler' driver.
DEBUG - 2026-04-06 19:17:31 --> Session: Class initialized using 'CodeIgniter\Session\Handlers\FileHandler' driver.
DEBUG - 2026-04-06 19:18:32 --> Session: Class initialized using 'CodeIgniter\Session\Handlers\FileHandler' driver.
DEBUG - 2026-04-06 19:19:33 --> Session: Class initialized using 'CodeIgniter\Session\Handlers\FileHandler' driver.
DEBUG - 2026-04-06 19:20:34 --> Session: Class initialized using 'CodeIgniter\Session\Handlers\FileHandler' driver.
DEBUG - 2026-04-06 19:21:35 --> Session: Class initialized using 'CodeIgniter\Session\Handlers\FileHandler' driver.
DEBUG - 2026-04-06 19:22:36 --> Session: Class initialized using 'CodeIgniter\Session\Handlers\FileHandler' driver.
DEBUG - 2026-04-06 20:51:45 --> Session: Class initialized using 'CodeIgniter\Session\Handlers\FileHandler' driver.
DEBUG - 2026-04-06 20:52:47 --> Session: Class initialized using 'CodeIgniter\Session\Handlers\FileHandler' driver.
DEBUG - 2026-04-06 20:53:45 --> Session: Class initialized using 'CodeIgniter\Session\Handlers\FileHandler' driver.
DEBUG - 2026-04-06 20:54:45 --> Session: Class initialized using 'CodeIgniter\Session\Handlers\FileHandler' driver.
DEBUG - 2026-04-06 20:55:45 --> Session: Class initialized using 'CodeIgniter\Session\Handlers\FileHandler' driver.
DEBUG - 2026-04-06 20:56:45 --> Session: Class initialized using 'CodeIgniter\Session\Handlers\FileHandler' driver.
DEBUG - 2026-04-06 23:54:39 --> Session: Class initialized using 'CodeIgniter\Session\Handlers\FileHandler' driver.
DEBUG - 2026-04-06 23:54:40 --> Session: Class initialized using 'CodeIgniter\Session\Handlers\FileHandler' driver.
DEBUG - 2026-04-06 23:55:33 --> Session: Class initialized using 'CodeIgniter\Session\Handlers\FileHandler' driver.
DEBUG - 2026-04-06 23:55:33 --> Session: Class initialized using 'CodeIgniter\Session\Handlers\FileHandler' driver.
DEBUG - 2026-04-06 23:55:57 --> Session: Class initialized using 'CodeIgniter\Session\Handlers\FileHandler' driver.
DEBUG - 2026-04-06 23:55:57 --> Session: Class initialized using 'CodeIgniter\Session\Handlers\FileHandler' driver.
DEBUG - 2026-04-06 23:56:27 --> Session: Class initialized using 'CodeIgniter\Session\Handlers\FileHandler' driver.
DEBUG - 2026-04-06 23:56:27 --> Session: Class initialized using 'CodeIgniter\Session\Handlers\FileHandler' driver.
DEBUG - 2026-04-06 23:57:28 --> Session: Class initialized using 'CodeIgniter\Session\Handlers\FileHandler' driver.
DEBUG - 2026-04-06 23:57:28 --> Session: Class initialized using 'CodeIgniter\Session\Handlers\FileHandler' driver.
DEBUG - 2026-04-06 23:58:29 --> Session: Class initialized using 'CodeIgniter\Session\Handlers\FileHandler' driver.
DEBUG - 2026-04-06 23:58:29 --> Session: Class initialized using 'CodeIgniter\Session\Handlers\FileHandler' driver.
DEBUG - 2026-04-06 23:59:30 --> Session: Class initialized using 'CodeIgniter\Session\Handlers\FileHandler' driver.
DEBUG - 2026-04-06 23:59:30 --> Session: Class initialized using 'CodeIgniter\Session\Handlers\FileHandler' driver.
